<?xml version="1.0" encoding="UTF-8" standalone="no"?>
<VisUAL xmlns="http://bitbucket.org/salmanarif/visual">
    <line id="1">
        <code>MOV R0, #0</code>
        <register name="R0">0x0</register>
        <register name="R1">0x0</register>
        <register name="R2">0x0</register>
        <register name="R3">0x0</register>
        <register name="R4">0x0</register>
        <register name="R5">0x0</register>
        <register name="R6">0x0</register>
        <register name="R7">0x0</register>
        <register name="R8">0x0</register>
        <register name="R9">0x0</register>
        <register name="R10">0x0</register>
        <register name="R11">0x0</register>
        <register name="R12">0x0</register>
        <register name="R13">0xFF000000</register>
        <register name="R14">0x0</register>
        <register name="R15">0x8</register>
        <cycles>1</cycles>
    </line>
    <line id="2">
        <code>ADDS R0, R0, R0</code>
        <register name="R0">0x0</register>
        <register name="R1">0x0</register>
        <register name="R2">0x0</register>
        <register name="R3">0x0</register>
        <register name="R4">0x0</register>
        <register name="R5">0x0</register>
        <register name="R6">0x0</register>
        <register name="R7">0x0</register>
        <register name="R8">0x0</register>
        <register name="R9">0x0</register>
        <register name="R10">0x0</register>
        <register name="R11">0x0</register>
        <register name="R12">0x0</register>
        <register name="R13">0xFF000000</register>
        <register name="R14">0x0</register>
        <register name="R15">0xC</register>
        <cycles>1</cycles>
    </line>
    <line id="3">
        <code>MOVS R0, #1</code>
        <register name="R0">0x1</register>
        <register name="R1">0x0</register>
        <register name="R2">0x0</register>
        <register name="R3">0x0</register>
        <register name="R4">0x0</register>
        <register name="R5">0x0</register>
        <register name="R6">0x0</register>
        <register name="R7">0x0</register>
        <register name="R8">0x0</register>
        <register name="R9">0x0</register>
        <register name="R10">0x0</register>
        <register name="R11">0x0</register>
        <register name="R12">0x0</register>
        <register name="R13">0xFF000000</register>
        <register name="R14">0x0</register>
        <register name="R15">0x10</register>
        <cycles>1</cycles>
    </line>
    <line id="4">
        <code>MOV R0, #0x4</code>
        <register name="R0">0x4</register>
        <register name="R1">0x0</register>
        <register name="R2">0x0</register>
        <register name="R3">0x0</register>
        <register name="R4">0x0</register>
        <register name="R5">0x0</register>
        <register name="R6">0x0</register>
        <register name="R7">0x0</register>
        <register name="R8">0x0</register>
        <register name="R9">0x0</register>
        <register name="R10">0x0</register>
        <register name="R11">0x0</register>
        <register name="R12">0x0</register>
        <register name="R13">0xFF000000</register>
        <register name="R14">0x0</register>
        <register name="R15">0x14</register>
        <cycles>1</cycles>
    </line>
    <line id="5">
        <code>MOV R1, #0xd9</code>
        <register name="R0">0x4</register>
        <register name="R1">0xD9</register>
        <register name="R2">0x0</register>
        <register name="R3">0x0</register>
        <register name="R4">0x0</register>
        <register name="R5">0x0</register>
        <register name="R6">0x0</register>
        <register name="R7">0x0</register>
        <register name="R8">0x0</register>
        <register name="R9">0x0</register>
        <register name="R10">0x0</register>
        <register name="R11">0x0</register>
        <register name="R12">0x0</register>
        <register name="R13">0xFF000000</register>
        <register name="R14">0x0</register>
        <register name="R15">0x18</register>
        <cycles>1</cycles>
    </line>
    <line id="6">
        <code>ADD R1, R1, #0xff00</code>
        <register name="R0">0x4</register>
        <register name="R1">0xFFD9</register>
        <register name="R2">0x0</register>
        <register name="R3">0x0</register>
        <register name="R4">0x0</register>
        <register name="R5">0x0</register>
        <register name="R6">0x0</register>
        <register name="R7">0x0</register>
        <register name="R8">0x0</register>
        <register name="R9">0x0</register>
        <register name="R10">0x0</register>
        <register name="R11">0x0</register>
        <register name="R12">0x0</register>
        <register name="R13">0xFF000000</register>
        <register name="R14">0x0</register>
        <register name="R15">0x1C</register>
        <cycles>1</cycles>
    </line>
    <line id="7">
        <code>ADD R1, R1, #0xff0000</code>
        <register name="R0">0x4</register>
        <register name="R1">0xFFFFD9</register>
        <register name="R2">0x0</register>
        <register name="R3">0x0</register>
        <register name="R4">0x0</register>
        <register name="R5">0x0</register>
        <register name="R6">0x0</register>
        <register name="R7">0x0</register>
        <register name="R8">0x0</register>
        <register name="R9">0x0</register>
        <register name="R10">0x0</register>
        <register name="R11">0x0</register>
        <register name="R12">0x0</register>
        <register name="R13">0xFF000000</register>
        <register name="R14">0x0</register>
        <register name="R15">0x20</register>
        <cycles>1</cycles>
    </line>
    <line id="8">
        <code>ADD R1, R1, #0xff000000</code>
        <register name="R0">0x4</register>
        <register name="R1">0xFFFFFFD9</register>
        <register name="R2">0x0</register>
        <register name="R3">0x0</register>
        <register name="R4">0x0</register>
        <register name="R5">0x0</register>
        <register name="R6">0x0</register>
        <register name="R7">0x0</register>
        <register name="R8">0x0</register>
        <register name="R9">0x0</register>
        <register name="R10">0x0</register>
        <register name="R11">0x0</register>
        <register name="R12">0x0</register>
        <register name="R13">0xFF000000</register>
        <register name="R14">0x0</register>
        <register name="R15">0x24</register>
        <cycles>1</cycles>
    </line>
    <line id="9">
        <code>MOV R2, #0xa4</code>
        <register name="R0">0x4</register>
        <register name="R1">0xFFFFFFD9</register>
        <register name="R2">0xA4</register>
        <register name="R3">0x0</register>
        <register name="R4">0x0</register>
        <register name="R5">0x0</register>
        <register name="R6">0x0</register>
        <register name="R7">0x0</register>
        <register name="R8">0x0</register>
        <register name="R9">0x0</register>
        <register name="R10">0x0</register>
        <register name="R11">0x0</register>
        <register name="R12">0x0</register>
        <register name="R13">0xFF000000</register>
        <register name="R14">0x0</register>
        <register name="R15">0x28</register>
        <cycles>1</cycles>
    </line>
    <line id="10">
        <code>ADD R2, R2, #0xff00</code>
        <register name="R0">0x4</register>
        <register name="R1">0xFFFFFFD9</register>
        <register name="R2">0xFFA4</register>
        <register name="R3">0x0</register>
        <register name="R4">0x0</register>
        <register name="R5">0x0</register>
        <register name="R6">0x0</register>
        <register name="R7">0x0</register>
        <register name="R8">0x0</register>
        <register name="R9">0x0</register>
        <register name="R10">0x0</register>
        <register name="R11">0x0</register>
        <register name="R12">0x0</register>
        <register name="R13">0xFF000000</register>
        <register name="R14">0x0</register>
        <register name="R15">0x2C</register>
        <cycles>1</cycles>
    </line>
    <line id="11">
        <code>ADD R2, R2, #0xff0000</code>
        <register name="R0">0x4</register>
        <register name="R1">0xFFFFFFD9</register>
        <register name="R2">0xFFFFA4</register>
        <register name="R3">0x0</register>
        <register name="R4">0x0</register>
        <register name="R5">0x0</register>
        <register name="R6">0x0</register>
        <register name="R7">0x0</register>
        <register name="R8">0x0</register>
        <register name="R9">0x0</register>
        <register name="R10">0x0</register>
        <register name="R11">0x0</register>
        <register name="R12">0x0</register>
        <register name="R13">0xFF000000</register>
        <register name="R14">0x0</register>
        <register name="R15">0x30</register>
        <cycles>1</cycles>
    </line>
    <line id="12">
        <code>ADD R2, R2, #0xff000000</code>
        <register name="R0">0x4</register>
        <register name="R1">0xFFFFFFD9</register>
        <register name="R2">0xFFFFFFA4</register>
        <register name="R3">0x0</register>
        <register name="R4">0x0</register>
        <register name="R5">0x0</register>
        <register name="R6">0x0</register>
        <register name="R7">0x0</register>
        <register name="R8">0x0</register>
        <register name="R9">0x0</register>
        <register name="R10">0x0</register>
        <register name="R11">0x0</register>
        <register name="R12">0x0</register>
        <register name="R13">0xFF000000</register>
        <register name="R14">0x0</register>
        <register name="R15">0x34</register>
        <cycles>1</cycles>
    </line>
    <line id="13">
        <code>MOV R3, #0xfd</code>
        <register name="R0">0x4</register>
        <register name="R1">0xFFFFFFD9</register>
        <register name="R2">0xFFFFFFA4</register>
        <register name="R3">0xFD</register>
        <register name="R4">0x0</register>
        <register name="R5">0x0</register>
        <register name="R6">0x0</register>
        <register name="R7">0x0</register>
        <register name="R8">0x0</register>
        <register name="R9">0x0</register>
        <register name="R10">0x0</register>
        <register name="R11">0x0</register>
        <register name="R12">0x0</register>
        <register name="R13">0xFF000000</register>
        <register name="R14">0x0</register>
        <register name="R15">0x38</register>
        <cycles>1</cycles>
    </line>
    <line id="14">
        <code>ADD R3, R3, #0xff00</code>
        <register name="R0">0x4</register>
        <register name="R1">0xFFFFFFD9</register>
        <register name="R2">0xFFFFFFA4</register>
        <register name="R3">0xFFFD</register>
        <register name="R4">0x0</register>
        <register name="R5">0x0</register>
        <register name="R6">0x0</register>
        <register name="R7">0x0</register>
        <register name="R8">0x0</register>
        <register name="R9">0x0</register>
        <register name="R10">0x0</register>
        <register name="R11">0x0</register>
        <register name="R12">0x0</register>
        <register name="R13">0xFF000000</register>
        <register name="R14">0x0</register>
        <register name="R15">0x3C</register>
        <cycles>1</cycles>
    </line>
    <line id="15">
        <code>ADD R3, R3, #0xff0000</code>
        <register name="R0">0x4</register>
        <register name="R1">0xFFFFFFD9</register>
        <register name="R2">0xFFFFFFA4</register>
        <register name="R3">0xFFFFFD</register>
        <register name="R4">0x0</register>
        <register name="R5">0x0</register>
        <register name="R6">0x0</register>
        <register name="R7">0x0</register>
        <register name="R8">0x0</register>
        <register name="R9">0x0</register>
        <register name="R10">0x0</register>
        <register name="R11">0x0</register>
        <register name="R12">0x0</register>
        <register name="R13">0xFF000000</register>
        <register name="R14">0x0</register>
        <register name="R15">0x40</register>
        <cycles>1</cycles>
    </line>
    <line id="16">
        <code>ADD R3, R3, #0xff000000</code>
        <register name="R0">0x4</register>
        <register name="R1">0xFFFFFFD9</register>
        <register name="R2">0xFFFFFFA4</register>
        <register name="R3">0xFFFFFFFD</register>
        <register name="R4">0x0</register>
        <register name="R5">0x0</register>
        <register name="R6">0x0</register>
        <register name="R7">0x0</register>
        <register name="R8">0x0</register>
        <register name="R9">0x0</register>
        <register name="R10">0x0</register>
        <register name="R11">0x0</register>
        <register name="R12">0x0</register>
        <register name="R13">0xFF000000</register>
        <register name="R14">0x0</register>
        <register name="R15">0x44</register>
        <cycles>1</cycles>
    </line>
    <line id="17">
        <code>MOV R4, #0xf9</code>
        <register name="R0">0x4</register>
        <register name="R1">0xFFFFFFD9</register>
        <register name="R2">0xFFFFFFA4</register>
        <register name="R3">0xFFFFFFFD</register>
        <register name="R4">0xF9</register>
        <register name="R5">0x0</register>
        <register name="R6">0x0</register>
        <register name="R7">0x0</register>
        <register name="R8">0x0</register>
        <register name="R9">0x0</register>
        <register name="R10">0x0</register>
        <register name="R11">0x0</register>
        <register name="R12">0x0</register>
        <register name="R13">0xFF000000</register>
        <register name="R14">0x0</register>
        <register name="R15">0x48</register>
        <cycles>1</cycles>
    </line>
    <line id="18">
        <code>ADD R4, R4, #0xff00</code>
        <register name="R0">0x4</register>
        <register name="R1">0xFFFFFFD9</register>
        <register name="R2">0xFFFFFFA4</register>
        <register name="R3">0xFFFFFFFD</register>
        <register name="R4">0xFFF9</register>
        <register name="R5">0x0</register>
        <register name="R6">0x0</register>
        <register name="R7">0x0</register>
        <register name="R8">0x0</register>
        <register name="R9">0x0</register>
        <register name="R10">0x0</register>
        <register name="R11">0x0</register>
        <register name="R12">0x0</register>
        <register name="R13">0xFF000000</register>
        <register name="R14">0x0</register>
        <register name="R15">0x4C</register>
        <cycles>1</cycles>
    </line>
    <line id="19">
        <code>ADD R4, R4, #0xff0000</code>
        <register name="R0">0x4</register>
        <register name="R1">0xFFFFFFD9</register>
        <register name="R2">0xFFFFFFA4</register>
        <register name="R3">0xFFFFFFFD</register>
        <register name="R4">0xFFFFF9</register>
        <register name="R5">0x0</register>
        <register name="R6">0x0</register>
        <register name="R7">0x0</register>
        <register name="R8">0x0</register>
        <register name="R9">0x0</register>
        <register name="R10">0x0</register>
        <register name="R11">0x0</register>
        <register name="R12">0x0</register>
        <register name="R13">0xFF000000</register>
        <register name="R14">0x0</register>
        <register name="R15">0x50</register>
        <cycles>1</cycles>
    </line>
    <line id="20">
        <code>ADD R4, R4, #0xff000000</code>
        <register name="R0">0x4</register>
        <register name="R1">0xFFFFFFD9</register>
        <register name="R2">0xFFFFFFA4</register>
        <register name="R3">0xFFFFFFFD</register>
        <register name="R4">0xFFFFFFF9</register>
        <register name="R5">0x0</register>
        <register name="R6">0x0</register>
        <register name="R7">0x0</register>
        <register name="R8">0x0</register>
        <register name="R9">0x0</register>
        <register name="R10">0x0</register>
        <register name="R11">0x0</register>
        <register name="R12">0x0</register>
        <register name="R13">0xFF000000</register>
        <register name="R14">0x0</register>
        <register name="R15">0x54</register>
        <cycles>1</cycles>
    </line>
    <line id="21">
        <code>MOV R5, #0x0</code>
        <register name="R0">0x4</register>
        <register name="R1">0xFFFFFFD9</register>
        <register name="R2">0xFFFFFFA4</register>
        <register name="R3">0xFFFFFFFD</register>
        <register name="R4">0xFFFFFFF9</register>
        <register name="R5">0x0</register>
        <register name="R6">0x0</register>
        <register name="R7">0x0</register>
        <register name="R8">0x0</register>
        <register name="R9">0x0</register>
        <register name="R10">0x0</register>
        <register name="R11">0x0</register>
        <register name="R12">0x0</register>
        <register name="R13">0xFF000000</register>
        <register name="R14">0x0</register>
        <register name="R15">0x58</register>
        <cycles>1</cycles>
    </line>
    <line id="22">
        <code>MOV R6, #0xe4</code>
        <register name="R0">0x4</register>
        <register name="R1">0xFFFFFFD9</register>
        <register name="R2">0xFFFFFFA4</register>
        <register name="R3">0xFFFFFFFD</register>
        <register name="R4">0xFFFFFFF9</register>
        <register name="R5">0x0</register>
        <register name="R6">0xE4</register>
        <register name="R7">0x0</register>
        <register name="R8">0x0</register>
        <register name="R9">0x0</register>
        <register name="R10">0x0</register>
        <register name="R11">0x0</register>
        <register name="R12">0x0</register>
        <register name="R13">0xFF000000</register>
        <register name="R14">0x0</register>
        <register name="R15">0x5C</register>
        <cycles>1</cycles>
    </line>
    <line id="23">
        <code>ADD R6, R6, #0xff00</code>
        <register name="R0">0x4</register>
        <register name="R1">0xFFFFFFD9</register>
        <register name="R2">0xFFFFFFA4</register>
        <register name="R3">0xFFFFFFFD</register>
        <register name="R4">0xFFFFFFF9</register>
        <register name="R5">0x0</register>
        <register name="R6">0xFFE4</register>
        <register name="R7">0x0</register>
        <register name="R8">0x0</register>
        <register name="R9">0x0</register>
        <register name="R10">0x0</register>
        <register name="R11">0x0</register>
        <register name="R12">0x0</register>
        <register name="R13">0xFF000000</register>
        <register name="R14">0x0</register>
        <register name="R15">0x60</register>
        <cycles>1</cycles>
    </line>
    <line id="24">
        <code>ADD R6, R6, #0xff0000</code>
        <register name="R0">0x4</register>
        <register name="R1">0xFFFFFFD9</register>
        <register name="R2">0xFFFFFFA4</register>
        <register name="R3">0xFFFFFFFD</register>
        <register name="R4">0xFFFFFFF9</register>
        <register name="R5">0x0</register>
        <register name="R6">0xFFFFE4</register>
        <register name="R7">0x0</register>
        <register name="R8">0x0</register>
        <register name="R9">0x0</register>
        <register name="R10">0x0</register>
        <register name="R11">0x0</register>
        <register name="R12">0x0</register>
        <register name="R13">0xFF000000</register>
        <register name="R14">0x0</register>
        <register name="R15">0x64</register>
        <cycles>1</cycles>
    </line>
    <line id="25">
        <code>ADD R6, R6, #0xff000000</code>
        <register name="R0">0x4</register>
        <register name="R1">0xFFFFFFD9</register>
        <register name="R2">0xFFFFFFA4</register>
        <register name="R3">0xFFFFFFFD</register>
        <register name="R4">0xFFFFFFF9</register>
        <register name="R5">0x0</register>
        <register name="R6">0xFFFFFFE4</register>
        <register name="R7">0x0</register>
        <register name="R8">0x0</register>
        <register name="R9">0x0</register>
        <register name="R10">0x0</register>
        <register name="R11">0x0</register>
        <register name="R12">0x0</register>
        <register name="R13">0xFF000000</register>
        <register name="R14">0x0</register>
        <register name="R15">0x68</register>
        <cycles>1</cycles>
    </line>
    <line id="26">
        <code>MOV R7, #0x3a</code>
        <register name="R0">0x4</register>
        <register name="R1">0xFFFFFFD9</register>
        <register name="R2">0xFFFFFFA4</register>
        <register name="R3">0xFFFFFFFD</register>
        <register name="R4">0xFFFFFFF9</register>
        <register name="R5">0x0</register>
        <register name="R6">0xFFFFFFE4</register>
        <register name="R7">0x3A</register>
        <register name="R8">0x0</register>
        <register name="R9">0x0</register>
        <register name="R10">0x0</register>
        <register name="R11">0x0</register>
        <register name="R12">0x0</register>
        <register name="R13">0xFF000000</register>
        <register name="R14">0x0</register>
        <register name="R15">0x6C</register>
        <cycles>1</cycles>
    </line>
    <line id="27">
        <code>MOV R8, #0x56</code>
        <register name="R0">0x4</register>
        <register name="R1">0xFFFFFFD9</register>
        <register name="R2">0xFFFFFFA4</register>
        <register name="R3">0xFFFFFFFD</register>
        <register name="R4">0xFFFFFFF9</register>
        <register name="R5">0x0</register>
        <register name="R6">0xFFFFFFE4</register>
        <register name="R7">0x3A</register>
        <register name="R8">0x56</register>
        <register name="R9">0x0</register>
        <register name="R10">0x0</register>
        <register name="R11">0x0</register>
        <register name="R12">0x0</register>
        <register name="R13">0xFF000000</register>
        <register name="R14">0x0</register>
        <register name="R15">0x70</register>
        <cycles>1</cycles>
    </line>
    <line id="28">
        <code>MOV R9, #0xf5</code>
        <register name="R0">0x4</register>
        <register name="R1">0xFFFFFFD9</register>
        <register name="R2">0xFFFFFFA4</register>
        <register name="R3">0xFFFFFFFD</register>
        <register name="R4">0xFFFFFFF9</register>
        <register name="R5">0x0</register>
        <register name="R6">0xFFFFFFE4</register>
        <register name="R7">0x3A</register>
        <register name="R8">0x56</register>
        <register name="R9">0xF5</register>
        <register name="R10">0x0</register>
        <register name="R11">0x0</register>
        <register name="R12">0x0</register>
        <register name="R13">0xFF000000</register>
        <register name="R14">0x0</register>
        <register name="R15">0x74</register>
        <cycles>1</cycles>
    </line>
    <line id="29">
        <code>ADD R9, R9, #0xff00</code>
        <register name="R0">0x4</register>
        <register name="R1">0xFFFFFFD9</register>
        <register name="R2">0xFFFFFFA4</register>
        <register name="R3">0xFFFFFFFD</register>
        <register name="R4">0xFFFFFFF9</register>
        <register name="R5">0x0</register>
        <register name="R6">0xFFFFFFE4</register>
        <register name="R7">0x3A</register>
        <register name="R8">0x56</register>
        <register name="R9">0xFFF5</register>
        <register name="R10">0x0</register>
        <register name="R11">0x0</register>
        <register name="R12">0x0</register>
        <register name="R13">0xFF000000</register>
        <register name="R14">0x0</register>
        <register name="R15">0x78</register>
        <cycles>1</cycles>
    </line>
    <line id="30">
        <code>ADD R9, R9, #0xff0000</code>
        <register name="R0">0x4</register>
        <register name="R1">0xFFFFFFD9</register>
        <register name="R2">0xFFFFFFA4</register>
        <register name="R3">0xFFFFFFFD</register>
        <register name="R4">0xFFFFFFF9</register>
        <register name="R5">0x0</register>
        <register name="R6">0xFFFFFFE4</register>
        <register name="R7">0x3A</register>
        <register name="R8">0x56</register>
        <register name="R9">0xFFFFF5</register>
        <register name="R10">0x0</register>
        <register name="R11">0x0</register>
        <register name="R12">0x0</register>
        <register name="R13">0xFF000000</register>
        <register name="R14">0x0</register>
        <register name="R15">0x7C</register>
        <cycles>1</cycles>
    </line>
    <line id="31">
        <code>ADD R9, R9, #0xff000000</code>
        <register name="R0">0x4</register>
        <register name="R1">0xFFFFFFD9</register>
        <register name="R2">0xFFFFFFA4</register>
        <register name="R3">0xFFFFFFFD</register>
        <register name="R4">0xFFFFFFF9</register>
        <register name="R5">0x0</register>
        <register name="R6">0xFFFFFFE4</register>
        <register name="R7">0x3A</register>
        <register name="R8">0x56</register>
        <register name="R9">0xFFFFFFF5</register>
        <register name="R10">0x0</register>
        <register name="R11">0x0</register>
        <register name="R12">0x0</register>
        <register name="R13">0xFF000000</register>
        <register name="R14">0x0</register>
        <register name="R15">0x80</register>
        <cycles>1</cycles>
    </line>
    <line id="32">
        <code>MOV R10, #0xf4</code>
        <register name="R0">0x4</register>
        <register name="R1">0xFFFFFFD9</register>
        <register name="R2">0xFFFFFFA4</register>
        <register name="R3">0xFFFFFFFD</register>
        <register name="R4">0xFFFFFFF9</register>
        <register name="R5">0x0</register>
        <register name="R6">0xFFFFFFE4</register>
        <register name="R7">0x3A</register>
        <register name="R8">0x56</register>
        <register name="R9">0xFFFFFFF5</register>
        <register name="R10">0xF4</register>
        <register name="R11">0x0</register>
        <register name="R12">0x0</register>
        <register name="R13">0xFF000000</register>
        <register name="R14">0x0</register>
        <register name="R15">0x84</register>
        <cycles>1</cycles>
    </line>
    <line id="33">
        <code>ADD R10, R10, #0xff00</code>
        <register name="R0">0x4</register>
        <register name="R1">0xFFFFFFD9</register>
        <register name="R2">0xFFFFFFA4</register>
        <register name="R3">0xFFFFFFFD</register>
        <register name="R4">0xFFFFFFF9</register>
        <register name="R5">0x0</register>
        <register name="R6">0xFFFFFFE4</register>
        <register name="R7">0x3A</register>
        <register name="R8">0x56</register>
        <register name="R9">0xFFFFFFF5</register>
        <register name="R10">0xFFF4</register>
        <register name="R11">0x0</register>
        <register name="R12">0x0</register>
        <register name="R13">0xFF000000</register>
        <register name="R14">0x0</register>
        <register name="R15">0x88</register>
        <cycles>1</cycles>
    </line>
    <line id="34">
        <code>ADD R10, R10, #0xff0000</code>
        <register name="R0">0x4</register>
        <register name="R1">0xFFFFFFD9</register>
        <register name="R2">0xFFFFFFA4</register>
        <register name="R3">0xFFFFFFFD</register>
        <register name="R4">0xFFFFFFF9</register>
        <register name="R5">0x0</register>
        <register name="R6">0xFFFFFFE4</register>
        <register name="R7">0x3A</register>
        <register name="R8">0x56</register>
        <register name="R9">0xFFFFFFF5</register>
        <register name="R10">0xFFFFF4</register>
        <register name="R11">0x0</register>
        <register name="R12">0x0</register>
        <register name="R13">0xFF000000</register>
        <register name="R14">0x0</register>
        <register name="R15">0x8C</register>
        <cycles>1</cycles>
    </line>
    <line id="35">
        <code>ADD R10, R10, #0xff000000</code>
        <register name="R0">0x4</register>
        <register name="R1">0xFFFFFFD9</register>
        <register name="R2">0xFFFFFFA4</register>
        <register name="R3">0xFFFFFFFD</register>
        <register name="R4">0xFFFFFFF9</register>
        <register name="R5">0x0</register>
        <register name="R6">0xFFFFFFE4</register>
        <register name="R7">0x3A</register>
        <register name="R8">0x56</register>
        <register name="R9">0xFFFFFFF5</register>
        <register name="R10">0xFFFFFFF4</register>
        <register name="R11">0x0</register>
        <register name="R12">0x0</register>
        <register name="R13">0xFF000000</register>
        <register name="R14">0x0</register>
        <register name="R15">0x90</register>
        <cycles>1</cycles>
    </line>
    <line id="36">
        <code>MOV R11, #0x3f</code>
        <register name="R0">0x4</register>
        <register name="R1">0xFFFFFFD9</register>
        <register name="R2">0xFFFFFFA4</register>
        <register name="R3">0xFFFFFFFD</register>
        <register name="R4">0xFFFFFFF9</register>
        <register name="R5">0x0</register>
        <register name="R6">0xFFFFFFE4</register>
        <register name="R7">0x3A</register>
        <register name="R8">0x56</register>
        <register name="R9">0xFFFFFFF5</register>
        <register name="R10">0xFFFFFFF4</register>
        <register name="R11">0x3F</register>
        <register name="R12">0x0</register>
        <register name="R13">0xFF000000</register>
        <register name="R14">0x0</register>
        <register name="R15">0x94</register>
        <cycles>1</cycles>
    </line>
    <line id="37">
        <code>MOV R12, #0xbc</code>
        <register name="R0">0x4</register>
        <register name="R1">0xFFFFFFD9</register>
        <register name="R2">0xFFFFFFA4</register>
        <register name="R3">0xFFFFFFFD</register>
        <register name="R4">0xFFFFFFF9</register>
        <register name="R5">0x0</register>
        <register name="R6">0xFFFFFFE4</register>
        <register name="R7">0x3A</register>
        <register name="R8">0x56</register>
        <register name="R9">0xFFFFFFF5</register>
        <register name="R10">0xFFFFFFF4</register>
        <register name="R11">0x3F</register>
        <register name="R12">0xBC</register>
        <register name="R13">0xFF000000</register>
        <register name="R14">0x0</register>
        <register name="R15">0x98</register>
        <cycles>1</cycles>
    </line>
    <line id="38">
        <code>ADD R12, R12, #0xff00</code>
        <register name="R0">0x4</register>
        <register name="R1">0xFFFFFFD9</register>
        <register name="R2">0xFFFFFFA4</register>
        <register name="R3">0xFFFFFFFD</register>
        <register name="R4">0xFFFFFFF9</register>
        <register name="R5">0x0</register>
        <register name="R6">0xFFFFFFE4</register>
        <register name="R7">0x3A</register>
        <register name="R8">0x56</register>
        <register name="R9">0xFFFFFFF5</register>
        <register name="R10">0xFFFFFFF4</register>
        <register name="R11">0x3F</register>
        <register name="R12">0xFFBC</register>
        <register name="R13">0xFF000000</register>
        <register name="R14">0x0</register>
        <register name="R15">0x9C</register>
        <cycles>1</cycles>
    </line>
    <line id="39">
        <code>ADD R12, R12, #0xff0000</code>
        <register name="R0">0x4</register>
        <register name="R1">0xFFFFFFD9</register>
        <register name="R2">0xFFFFFFA4</register>
        <register name="R3">0xFFFFFFFD</register>
        <register name="R4">0xFFFFFFF9</register>
        <register name="R5">0x0</register>
        <register name="R6">0xFFFFFFE4</register>
        <register name="R7">0x3A</register>
        <register name="R8">0x56</register>
        <register name="R9">0xFFFFFFF5</register>
        <register name="R10">0xFFFFFFF4</register>
        <register name="R11">0x3F</register>
        <register name="R12">0xFFFFBC</register>
        <register name="R13">0xFF000000</register>
        <register name="R14">0x0</register>
        <register name="R15">0xA0</register>
        <cycles>1</cycles>
    </line>
    <line id="40">
        <code>ADD R12, R12, #0xff000000</code>
        <register name="R0">0x4</register>
        <register name="R1">0xFFFFFFD9</register>
        <register name="R2">0xFFFFFFA4</register>
        <register name="R3">0xFFFFFFFD</register>
        <register name="R4">0xFFFFFFF9</register>
        <register name="R5">0x0</register>
        <register name="R6">0xFFFFFFE4</register>
        <register name="R7">0x3A</register>
        <register name="R8">0x56</register>
        <register name="R9">0xFFFFFFF5</register>
        <register name="R10">0xFFFFFFF4</register>
        <register name="R11">0x3F</register>
        <register name="R12">0xFFFFFFBC</register>
        <register name="R13">0xFF000000</register>
        <register name="R14">0x0</register>
        <register name="R15">0xA4</register>
        <cycles>1</cycles>
    </line>
    <line id="41">
        <code>MOV R13, #0x2</code>
        <register name="R0">0x4</register>
        <register name="R1">0xFFFFFFD9</register>
        <register name="R2">0xFFFFFFA4</register>
        <register name="R3">0xFFFFFFFD</register>
        <register name="R4">0xFFFFFFF9</register>
        <register name="R5">0x0</register>
        <register name="R6">0xFFFFFFE4</register>
        <register name="R7">0x3A</register>
        <register name="R8">0x56</register>
        <register name="R9">0xFFFFFFF5</register>
        <register name="R10">0xFFFFFFF4</register>
        <register name="R11">0x3F</register>
        <register name="R12">0xFFFFFFBC</register>
        <register name="R13">0x2</register>
        <register name="R14">0x0</register>
        <register name="R15">0xA8</register>
        <cycles>1</cycles>
    </line>
    <line id="42">
        <code>MOV R14, #0xa</code>
        <register name="R0">0x4</register>
        <register name="R1">0xFFFFFFD9</register>
        <register name="R2">0xFFFFFFA4</register>
        <register name="R3">0xFFFFFFFD</register>
        <register name="R4">0xFFFFFFF9</register>
        <register name="R5">0x0</register>
        <register name="R6">0xFFFFFFE4</register>
        <register name="R7">0x3A</register>
        <register name="R8">0x56</register>
        <register name="R9">0xFFFFFFF5</register>
        <register name="R10">0xFFFFFFF4</register>
        <register name="R11">0x3F</register>
        <register name="R12">0xFFFFFFBC</register>
        <register name="R13">0x2</register>
        <register name="R14">0xA</register>
        <register name="R15">0xAC</register>
        <cycles>1</cycles>
    </line>
    <line id="45">
        <code>RORS R0,R2,R1</code>
        <register name="R0">0xFFFFD27F</register>
        <register name="R1">0xFFFFFFD9</register>
        <register name="R2">0xFFFFFFA4</register>
        <register name="R3">0xFFFFFFFD</register>
        <register name="R4">0xFFFFFFF9</register>
        <register name="R5">0x0</register>
        <register name="R6">0xFFFFFFE4</register>
        <register name="R7">0x3A</register>
        <register name="R8">0x56</register>
        <register name="R9">0xFFFFFFF5</register>
        <register name="R10">0xFFFFFFF4</register>
        <register name="R11">0x3F</register>
        <register name="R12">0xFFFFFFBC</register>
        <register name="R13">0x2</register>
        <register name="R14">0xA</register>
        <register name="R15">0xB0</register>
        <cycles>1</cycles>
    </line>
    <line id="46">
        <code>MOV R13, #0x1000</code>
        <register name="R0">0xFFFFD27F</register>
        <register name="R1">0xFFFFFFD9</register>
        <register name="R2">0xFFFFFFA4</register>
        <register name="R3">0xFFFFFFFD</register>
        <register name="R4">0xFFFFFFF9</register>
        <register name="R5">0x0</register>
        <register name="R6">0xFFFFFFE4</register>
        <register name="R7">0x3A</register>
        <register name="R8">0x56</register>
        <register name="R9">0xFFFFFFF5</register>
        <register name="R10">0xFFFFFFF4</register>
        <register name="R11">0x3F</register>
        <register name="R12">0xFFFFFFBC</register>
        <register name="R13">0x1000</register>
        <register name="R14">0xA</register>
        <register name="R15">0xB4</register>
        <cycles>1</cycles>
    </line>
    <line id="47">
        <code>LDMIA R13, {R0-R12}</code>
        <register name="R0">0x0</register>
        <register name="R1">0x0</register>
        <register name="R2">0x0</register>
        <register name="R3">0x0</register>
        <register name="R4">0x0</register>
        <register name="R5">0x0</register>
        <register name="R6">0x0</register>
        <register name="R7">0x0</register>
        <register name="R8">0x0</register>
        <register name="R9">0x0</register>
        <register name="R10">0x0</register>
        <register name="R11">0x0</register>
        <register name="R12">0x0</register>
        <register name="R13">0x1000</register>
        <register name="R14">0xA</register>
        <register name="R15">0xB8</register>
        <cycles>15</cycles>
    </line>
    <line id="48">
        <code>MOV R0, #0</code>
        <register name="R0">0x0</register>
        <register name="R1">0x0</register>
        <register name="R2">0x0</register>
        <register name="R3">0x0</register>
        <register name="R4">0x0</register>
        <register name="R5">0x0</register>
        <register name="R6">0x0</register>
        <register name="R7">0x0</register>
        <register name="R8">0x0</register>
        <register name="R9">0x0</register>
        <register name="R10">0x0</register>
        <register name="R11">0x0</register>
        <register name="R12">0x0</register>
        <register name="R13">0x1000</register>
        <register name="R14">0xA</register>
        <register name="R15">0xBC</register>
        <cycles>1</cycles>
    </line>
    <line id="49">
        <code>ADDMI R0, R0, #8</code>
        <register name="R0">0x8</register>
        <register name="R1">0x0</register>
        <register name="R2">0x0</register>
        <register name="R3">0x0</register>
        <register name="R4">0x0</register>
        <register name="R5">0x0</register>
        <register name="R6">0x0</register>
        <register name="R7">0x0</register>
        <register name="R8">0x0</register>
        <register name="R9">0x0</register>
        <register name="R10">0x0</register>
        <register name="R11">0x0</register>
        <register name="R12">0x0</register>
        <register name="R13">0x1000</register>
        <register name="R14">0xA</register>
        <register name="R15">0xC0</register>
        <cycles>1</cycles>
    </line>
    <line id="50">
        <code>ADDEQ R0, R0, #4</code>
        <register name="R0">0x8</register>
        <register name="R1">0x0</register>
        <register name="R2">0x0</register>
        <register name="R3">0x0</register>
        <register name="R4">0x0</register>
        <register name="R5">0x0</register>
        <register name="R6">0x0</register>
        <register name="R7">0x0</register>
        <register name="R8">0x0</register>
        <register name="R9">0x0</register>
        <register name="R10">0x0</register>
        <register name="R11">0x0</register>
        <register name="R12">0x0</register>
        <register name="R13">0x1000</register>
        <register name="R14">0xA</register>
        <register name="R15">0xC4</register>
        <cycles>1</cycles>
    </line>
    <line id="51">
        <code>ADDCS R0, R0, #2</code>
        <register name="R0">0xA</register>
        <register name="R1">0x0</register>
        <register name="R2">0x0</register>
        <register name="R3">0x0</register>
        <register name="R4">0x0</register>
        <register name="R5">0x0</register>
        <register name="R6">0x0</register>
        <register name="R7">0x0</register>
        <register name="R8">0x0</register>
        <register name="R9">0x0</register>
        <register name="R10">0x0</register>
        <register name="R11">0x0</register>
        <register name="R12">0x0</register>
        <register name="R13">0x1000</register>
        <register name="R14">0xA</register>
        <register name="R15">0xC8</register>
        <cycles>1</cycles>
    </line>
    <line id="52">
        <code>ADDVS R0, R0, #1</code>
        <register name="R0">0xA</register>
        <register name="R1">0x0</register>
        <register name="R2">0x0</register>
        <register name="R3">0x0</register>
        <register name="R4">0x0</register>
        <register name="R5">0x0</register>
        <register name="R6">0x0</register>
        <register name="R7">0x0</register>
        <register name="R8">0x0</register>
        <register name="R9">0x0</register>
        <register name="R10">0x0</register>
        <register name="R11">0x0</register>
        <register name="R12">0x0</register>
        <register name="R13">0x1000</register>
        <register name="R14">0xA</register>
        <register name="R15">0xCC</register>
        <cycles>1</cycles>
    </line>
</VisUAL>
