<?xml version="1.0" encoding="UTF-8" standalone="no"?>
<VisUAL xmlns="http://bitbucket.org/salmanarif/visual">
    <line id="1">
        <code>MOV R0, #0</code>
        <register name="R0">0x0</register>
        <register name="R1">0x0</register>
        <register name="R2">0x0</register>
        <register name="R3">0x0</register>
        <register name="R4">0x0</register>
        <register name="R5">0x0</register>
        <register name="R6">0x0</register>
        <register name="R7">0x0</register>
        <register name="R8">0x0</register>
        <register name="R9">0x0</register>
        <register name="R10">0x0</register>
        <register name="R11">0x0</register>
        <register name="R12">0x0</register>
        <register name="R13">0xFF000000</register>
        <register name="R14">0x0</register>
        <register name="R15">0x8</register>
        <cycles>1</cycles>
    </line>
    <line id="2">
        <code>ADDS R0, R0, R0</code>
        <register name="R0">0x0</register>
        <register name="R1">0x0</register>
        <register name="R2">0x0</register>
        <register name="R3">0x0</register>
        <register name="R4">0x0</register>
        <register name="R5">0x0</register>
        <register name="R6">0x0</register>
        <register name="R7">0x0</register>
        <register name="R8">0x0</register>
        <register name="R9">0x0</register>
        <register name="R10">0x0</register>
        <register name="R11">0x0</register>
        <register name="R12">0x0</register>
        <register name="R13">0xFF000000</register>
        <register name="R14">0x0</register>
        <register name="R15">0xC</register>
        <cycles>1</cycles>
    </line>
    <line id="3">
        <code>MOVS R0, #1</code>
        <register name="R0">0x1</register>
        <register name="R1">0x0</register>
        <register name="R2">0x0</register>
        <register name="R3">0x0</register>
        <register name="R4">0x0</register>
        <register name="R5">0x0</register>
        <register name="R6">0x0</register>
        <register name="R7">0x0</register>
        <register name="R8">0x0</register>
        <register name="R9">0x0</register>
        <register name="R10">0x0</register>
        <register name="R11">0x0</register>
        <register name="R12">0x0</register>
        <register name="R13">0xFF000000</register>
        <register name="R14">0x0</register>
        <register name="R15">0x10</register>
        <cycles>1</cycles>
    </line>
    <line id="4">
        <code>MOV R0, #0xb8</code>
        <register name="R0">0xB8</register>
        <register name="R1">0x0</register>
        <register name="R2">0x0</register>
        <register name="R3">0x0</register>
        <register name="R4">0x0</register>
        <register name="R5">0x0</register>
        <register name="R6">0x0</register>
        <register name="R7">0x0</register>
        <register name="R8">0x0</register>
        <register name="R9">0x0</register>
        <register name="R10">0x0</register>
        <register name="R11">0x0</register>
        <register name="R12">0x0</register>
        <register name="R13">0xFF000000</register>
        <register name="R14">0x0</register>
        <register name="R15">0x14</register>
        <cycles>1</cycles>
    </line>
    <line id="5">
        <code>ADD R0, R0, #0xff00</code>
        <register name="R0">0xFFB8</register>
        <register name="R1">0x0</register>
        <register name="R2">0x0</register>
        <register name="R3">0x0</register>
        <register name="R4">0x0</register>
        <register name="R5">0x0</register>
        <register name="R6">0x0</register>
        <register name="R7">0x0</register>
        <register name="R8">0x0</register>
        <register name="R9">0x0</register>
        <register name="R10">0x0</register>
        <register name="R11">0x0</register>
        <register name="R12">0x0</register>
        <register name="R13">0xFF000000</register>
        <register name="R14">0x0</register>
        <register name="R15">0x18</register>
        <cycles>1</cycles>
    </line>
    <line id="6">
        <code>ADD R0, R0, #0xff0000</code>
        <register name="R0">0xFFFFB8</register>
        <register name="R1">0x0</register>
        <register name="R2">0x0</register>
        <register name="R3">0x0</register>
        <register name="R4">0x0</register>
        <register name="R5">0x0</register>
        <register name="R6">0x0</register>
        <register name="R7">0x0</register>
        <register name="R8">0x0</register>
        <register name="R9">0x0</register>
        <register name="R10">0x0</register>
        <register name="R11">0x0</register>
        <register name="R12">0x0</register>
        <register name="R13">0xFF000000</register>
        <register name="R14">0x0</register>
        <register name="R15">0x1C</register>
        <cycles>1</cycles>
    </line>
    <line id="7">
        <code>ADD R0, R0, #0xff000000</code>
        <register name="R0">0xFFFFFFB8</register>
        <register name="R1">0x0</register>
        <register name="R2">0x0</register>
        <register name="R3">0x0</register>
        <register name="R4">0x0</register>
        <register name="R5">0x0</register>
        <register name="R6">0x0</register>
        <register name="R7">0x0</register>
        <register name="R8">0x0</register>
        <register name="R9">0x0</register>
        <register name="R10">0x0</register>
        <register name="R11">0x0</register>
        <register name="R12">0x0</register>
        <register name="R13">0xFF000000</register>
        <register name="R14">0x0</register>
        <register name="R15">0x20</register>
        <cycles>1</cycles>
    </line>
    <line id="8">
        <code>MOV R1, #0xa4</code>
        <register name="R0">0xFFFFFFB8</register>
        <register name="R1">0xA4</register>
        <register name="R2">0x0</register>
        <register name="R3">0x0</register>
        <register name="R4">0x0</register>
        <register name="R5">0x0</register>
        <register name="R6">0x0</register>
        <register name="R7">0x0</register>
        <register name="R8">0x0</register>
        <register name="R9">0x0</register>
        <register name="R10">0x0</register>
        <register name="R11">0x0</register>
        <register name="R12">0x0</register>
        <register name="R13">0xFF000000</register>
        <register name="R14">0x0</register>
        <register name="R15">0x24</register>
        <cycles>1</cycles>
    </line>
    <line id="9">
        <code>ADD R1, R1, #0xff00</code>
        <register name="R0">0xFFFFFFB8</register>
        <register name="R1">0xFFA4</register>
        <register name="R2">0x0</register>
        <register name="R3">0x0</register>
        <register name="R4">0x0</register>
        <register name="R5">0x0</register>
        <register name="R6">0x0</register>
        <register name="R7">0x0</register>
        <register name="R8">0x0</register>
        <register name="R9">0x0</register>
        <register name="R10">0x0</register>
        <register name="R11">0x0</register>
        <register name="R12">0x0</register>
        <register name="R13">0xFF000000</register>
        <register name="R14">0x0</register>
        <register name="R15">0x28</register>
        <cycles>1</cycles>
    </line>
    <line id="10">
        <code>ADD R1, R1, #0xff0000</code>
        <register name="R0">0xFFFFFFB8</register>
        <register name="R1">0xFFFFA4</register>
        <register name="R2">0x0</register>
        <register name="R3">0x0</register>
        <register name="R4">0x0</register>
        <register name="R5">0x0</register>
        <register name="R6">0x0</register>
        <register name="R7">0x0</register>
        <register name="R8">0x0</register>
        <register name="R9">0x0</register>
        <register name="R10">0x0</register>
        <register name="R11">0x0</register>
        <register name="R12">0x0</register>
        <register name="R13">0xFF000000</register>
        <register name="R14">0x0</register>
        <register name="R15">0x2C</register>
        <cycles>1</cycles>
    </line>
    <line id="11">
        <code>ADD R1, R1, #0xff000000</code>
        <register name="R0">0xFFFFFFB8</register>
        <register name="R1">0xFFFFFFA4</register>
        <register name="R2">0x0</register>
        <register name="R3">0x0</register>
        <register name="R4">0x0</register>
        <register name="R5">0x0</register>
        <register name="R6">0x0</register>
        <register name="R7">0x0</register>
        <register name="R8">0x0</register>
        <register name="R9">0x0</register>
        <register name="R10">0x0</register>
        <register name="R11">0x0</register>
        <register name="R12">0x0</register>
        <register name="R13">0xFF000000</register>
        <register name="R14">0x0</register>
        <register name="R15">0x30</register>
        <cycles>1</cycles>
    </line>
    <line id="12">
        <code>MOV R2, #0xa4</code>
        <register name="R0">0xFFFFFFB8</register>
        <register name="R1">0xFFFFFFA4</register>
        <register name="R2">0xA4</register>
        <register name="R3">0x0</register>
        <register name="R4">0x0</register>
        <register name="R5">0x0</register>
        <register name="R6">0x0</register>
        <register name="R7">0x0</register>
        <register name="R8">0x0</register>
        <register name="R9">0x0</register>
        <register name="R10">0x0</register>
        <register name="R11">0x0</register>
        <register name="R12">0x0</register>
        <register name="R13">0xFF000000</register>
        <register name="R14">0x0</register>
        <register name="R15">0x34</register>
        <cycles>1</cycles>
    </line>
    <line id="13">
        <code>ADD R2, R2, #0xff00</code>
        <register name="R0">0xFFFFFFB8</register>
        <register name="R1">0xFFFFFFA4</register>
        <register name="R2">0xFFA4</register>
        <register name="R3">0x0</register>
        <register name="R4">0x0</register>
        <register name="R5">0x0</register>
        <register name="R6">0x0</register>
        <register name="R7">0x0</register>
        <register name="R8">0x0</register>
        <register name="R9">0x0</register>
        <register name="R10">0x0</register>
        <register name="R11">0x0</register>
        <register name="R12">0x0</register>
        <register name="R13">0xFF000000</register>
        <register name="R14">0x0</register>
        <register name="R15">0x38</register>
        <cycles>1</cycles>
    </line>
    <line id="14">
        <code>ADD R2, R2, #0xff0000</code>
        <register name="R0">0xFFFFFFB8</register>
        <register name="R1">0xFFFFFFA4</register>
        <register name="R2">0xFFFFA4</register>
        <register name="R3">0x0</register>
        <register name="R4">0x0</register>
        <register name="R5">0x0</register>
        <register name="R6">0x0</register>
        <register name="R7">0x0</register>
        <register name="R8">0x0</register>
        <register name="R9">0x0</register>
        <register name="R10">0x0</register>
        <register name="R11">0x0</register>
        <register name="R12">0x0</register>
        <register name="R13">0xFF000000</register>
        <register name="R14">0x0</register>
        <register name="R15">0x3C</register>
        <cycles>1</cycles>
    </line>
    <line id="15">
        <code>ADD R2, R2, #0xff000000</code>
        <register name="R0">0xFFFFFFB8</register>
        <register name="R1">0xFFFFFFA4</register>
        <register name="R2">0xFFFFFFA4</register>
        <register name="R3">0x0</register>
        <register name="R4">0x0</register>
        <register name="R5">0x0</register>
        <register name="R6">0x0</register>
        <register name="R7">0x0</register>
        <register name="R8">0x0</register>
        <register name="R9">0x0</register>
        <register name="R10">0x0</register>
        <register name="R11">0x0</register>
        <register name="R12">0x0</register>
        <register name="R13">0xFF000000</register>
        <register name="R14">0x0</register>
        <register name="R15">0x40</register>
        <cycles>1</cycles>
    </line>
    <line id="16">
        <code>MOV R3, #0xc4</code>
        <register name="R0">0xFFFFFFB8</register>
        <register name="R1">0xFFFFFFA4</register>
        <register name="R2">0xFFFFFFA4</register>
        <register name="R3">0xC4</register>
        <register name="R4">0x0</register>
        <register name="R5">0x0</register>
        <register name="R6">0x0</register>
        <register name="R7">0x0</register>
        <register name="R8">0x0</register>
        <register name="R9">0x0</register>
        <register name="R10">0x0</register>
        <register name="R11">0x0</register>
        <register name="R12">0x0</register>
        <register name="R13">0xFF000000</register>
        <register name="R14">0x0</register>
        <register name="R15">0x44</register>
        <cycles>1</cycles>
    </line>
    <line id="17">
        <code>ADD R3, R3, #0xff00</code>
        <register name="R0">0xFFFFFFB8</register>
        <register name="R1">0xFFFFFFA4</register>
        <register name="R2">0xFFFFFFA4</register>
        <register name="R3">0xFFC4</register>
        <register name="R4">0x0</register>
        <register name="R5">0x0</register>
        <register name="R6">0x0</register>
        <register name="R7">0x0</register>
        <register name="R8">0x0</register>
        <register name="R9">0x0</register>
        <register name="R10">0x0</register>
        <register name="R11">0x0</register>
        <register name="R12">0x0</register>
        <register name="R13">0xFF000000</register>
        <register name="R14">0x0</register>
        <register name="R15">0x48</register>
        <cycles>1</cycles>
    </line>
    <line id="18">
        <code>ADD R3, R3, #0xff0000</code>
        <register name="R0">0xFFFFFFB8</register>
        <register name="R1">0xFFFFFFA4</register>
        <register name="R2">0xFFFFFFA4</register>
        <register name="R3">0xFFFFC4</register>
        <register name="R4">0x0</register>
        <register name="R5">0x0</register>
        <register name="R6">0x0</register>
        <register name="R7">0x0</register>
        <register name="R8">0x0</register>
        <register name="R9">0x0</register>
        <register name="R10">0x0</register>
        <register name="R11">0x0</register>
        <register name="R12">0x0</register>
        <register name="R13">0xFF000000</register>
        <register name="R14">0x0</register>
        <register name="R15">0x4C</register>
        <cycles>1</cycles>
    </line>
    <line id="19">
        <code>ADD R3, R3, #0xff000000</code>
        <register name="R0">0xFFFFFFB8</register>
        <register name="R1">0xFFFFFFA4</register>
        <register name="R2">0xFFFFFFA4</register>
        <register name="R3">0xFFFFFFC4</register>
        <register name="R4">0x0</register>
        <register name="R5">0x0</register>
        <register name="R6">0x0</register>
        <register name="R7">0x0</register>
        <register name="R8">0x0</register>
        <register name="R9">0x0</register>
        <register name="R10">0x0</register>
        <register name="R11">0x0</register>
        <register name="R12">0x0</register>
        <register name="R13">0xFF000000</register>
        <register name="R14">0x0</register>
        <register name="R15">0x50</register>
        <cycles>1</cycles>
    </line>
    <line id="20">
        <code>MOV R4, #0xfa</code>
        <register name="R0">0xFFFFFFB8</register>
        <register name="R1">0xFFFFFFA4</register>
        <register name="R2">0xFFFFFFA4</register>
        <register name="R3">0xFFFFFFC4</register>
        <register name="R4">0xFA</register>
        <register name="R5">0x0</register>
        <register name="R6">0x0</register>
        <register name="R7">0x0</register>
        <register name="R8">0x0</register>
        <register name="R9">0x0</register>
        <register name="R10">0x0</register>
        <register name="R11">0x0</register>
        <register name="R12">0x0</register>
        <register name="R13">0xFF000000</register>
        <register name="R14">0x0</register>
        <register name="R15">0x54</register>
        <cycles>1</cycles>
    </line>
    <line id="21">
        <code>ADD R4, R4, #0xff00</code>
        <register name="R0">0xFFFFFFB8</register>
        <register name="R1">0xFFFFFFA4</register>
        <register name="R2">0xFFFFFFA4</register>
        <register name="R3">0xFFFFFFC4</register>
        <register name="R4">0xFFFA</register>
        <register name="R5">0x0</register>
        <register name="R6">0x0</register>
        <register name="R7">0x0</register>
        <register name="R8">0x0</register>
        <register name="R9">0x0</register>
        <register name="R10">0x0</register>
        <register name="R11">0x0</register>
        <register name="R12">0x0</register>
        <register name="R13">0xFF000000</register>
        <register name="R14">0x0</register>
        <register name="R15">0x58</register>
        <cycles>1</cycles>
    </line>
    <line id="22">
        <code>ADD R4, R4, #0xff0000</code>
        <register name="R0">0xFFFFFFB8</register>
        <register name="R1">0xFFFFFFA4</register>
        <register name="R2">0xFFFFFFA4</register>
        <register name="R3">0xFFFFFFC4</register>
        <register name="R4">0xFFFFFA</register>
        <register name="R5">0x0</register>
        <register name="R6">0x0</register>
        <register name="R7">0x0</register>
        <register name="R8">0x0</register>
        <register name="R9">0x0</register>
        <register name="R10">0x0</register>
        <register name="R11">0x0</register>
        <register name="R12">0x0</register>
        <register name="R13">0xFF000000</register>
        <register name="R14">0x0</register>
        <register name="R15">0x5C</register>
        <cycles>1</cycles>
    </line>
    <line id="23">
        <code>ADD R4, R4, #0xff000000</code>
        <register name="R0">0xFFFFFFB8</register>
        <register name="R1">0xFFFFFFA4</register>
        <register name="R2">0xFFFFFFA4</register>
        <register name="R3">0xFFFFFFC4</register>
        <register name="R4">0xFFFFFFFA</register>
        <register name="R5">0x0</register>
        <register name="R6">0x0</register>
        <register name="R7">0x0</register>
        <register name="R8">0x0</register>
        <register name="R9">0x0</register>
        <register name="R10">0x0</register>
        <register name="R11">0x0</register>
        <register name="R12">0x0</register>
        <register name="R13">0xFF000000</register>
        <register name="R14">0x0</register>
        <register name="R15">0x60</register>
        <cycles>1</cycles>
    </line>
    <line id="24">
        <code>MOV R5, #0xc5</code>
        <register name="R0">0xFFFFFFB8</register>
        <register name="R1">0xFFFFFFA4</register>
        <register name="R2">0xFFFFFFA4</register>
        <register name="R3">0xFFFFFFC4</register>
        <register name="R4">0xFFFFFFFA</register>
        <register name="R5">0xC5</register>
        <register name="R6">0x0</register>
        <register name="R7">0x0</register>
        <register name="R8">0x0</register>
        <register name="R9">0x0</register>
        <register name="R10">0x0</register>
        <register name="R11">0x0</register>
        <register name="R12">0x0</register>
        <register name="R13">0xFF000000</register>
        <register name="R14">0x0</register>
        <register name="R15">0x64</register>
        <cycles>1</cycles>
    </line>
    <line id="25">
        <code>ADD R5, R5, #0xff00</code>
        <register name="R0">0xFFFFFFB8</register>
        <register name="R1">0xFFFFFFA4</register>
        <register name="R2">0xFFFFFFA4</register>
        <register name="R3">0xFFFFFFC4</register>
        <register name="R4">0xFFFFFFFA</register>
        <register name="R5">0xFFC5</register>
        <register name="R6">0x0</register>
        <register name="R7">0x0</register>
        <register name="R8">0x0</register>
        <register name="R9">0x0</register>
        <register name="R10">0x0</register>
        <register name="R11">0x0</register>
        <register name="R12">0x0</register>
        <register name="R13">0xFF000000</register>
        <register name="R14">0x0</register>
        <register name="R15">0x68</register>
        <cycles>1</cycles>
    </line>
    <line id="26">
        <code>ADD R5, R5, #0xff0000</code>
        <register name="R0">0xFFFFFFB8</register>
        <register name="R1">0xFFFFFFA4</register>
        <register name="R2">0xFFFFFFA4</register>
        <register name="R3">0xFFFFFFC4</register>
        <register name="R4">0xFFFFFFFA</register>
        <register name="R5">0xFFFFC5</register>
        <register name="R6">0x0</register>
        <register name="R7">0x0</register>
        <register name="R8">0x0</register>
        <register name="R9">0x0</register>
        <register name="R10">0x0</register>
        <register name="R11">0x0</register>
        <register name="R12">0x0</register>
        <register name="R13">0xFF000000</register>
        <register name="R14">0x0</register>
        <register name="R15">0x6C</register>
        <cycles>1</cycles>
    </line>
    <line id="27">
        <code>ADD R5, R5, #0xff000000</code>
        <register name="R0">0xFFFFFFB8</register>
        <register name="R1">0xFFFFFFA4</register>
        <register name="R2">0xFFFFFFA4</register>
        <register name="R3">0xFFFFFFC4</register>
        <register name="R4">0xFFFFFFFA</register>
        <register name="R5">0xFFFFFFC5</register>
        <register name="R6">0x0</register>
        <register name="R7">0x0</register>
        <register name="R8">0x0</register>
        <register name="R9">0x0</register>
        <register name="R10">0x0</register>
        <register name="R11">0x0</register>
        <register name="R12">0x0</register>
        <register name="R13">0xFF000000</register>
        <register name="R14">0x0</register>
        <register name="R15">0x70</register>
        <cycles>1</cycles>
    </line>
    <line id="28">
        <code>MOV R6, #0xb4</code>
        <register name="R0">0xFFFFFFB8</register>
        <register name="R1">0xFFFFFFA4</register>
        <register name="R2">0xFFFFFFA4</register>
        <register name="R3">0xFFFFFFC4</register>
        <register name="R4">0xFFFFFFFA</register>
        <register name="R5">0xFFFFFFC5</register>
        <register name="R6">0xB4</register>
        <register name="R7">0x0</register>
        <register name="R8">0x0</register>
        <register name="R9">0x0</register>
        <register name="R10">0x0</register>
        <register name="R11">0x0</register>
        <register name="R12">0x0</register>
        <register name="R13">0xFF000000</register>
        <register name="R14">0x0</register>
        <register name="R15">0x74</register>
        <cycles>1</cycles>
    </line>
    <line id="29">
        <code>ADD R6, R6, #0xff00</code>
        <register name="R0">0xFFFFFFB8</register>
        <register name="R1">0xFFFFFFA4</register>
        <register name="R2">0xFFFFFFA4</register>
        <register name="R3">0xFFFFFFC4</register>
        <register name="R4">0xFFFFFFFA</register>
        <register name="R5">0xFFFFFFC5</register>
        <register name="R6">0xFFB4</register>
        <register name="R7">0x0</register>
        <register name="R8">0x0</register>
        <register name="R9">0x0</register>
        <register name="R10">0x0</register>
        <register name="R11">0x0</register>
        <register name="R12">0x0</register>
        <register name="R13">0xFF000000</register>
        <register name="R14">0x0</register>
        <register name="R15">0x78</register>
        <cycles>1</cycles>
    </line>
    <line id="30">
        <code>ADD R6, R6, #0xff0000</code>
        <register name="R0">0xFFFFFFB8</register>
        <register name="R1">0xFFFFFFA4</register>
        <register name="R2">0xFFFFFFA4</register>
        <register name="R3">0xFFFFFFC4</register>
        <register name="R4">0xFFFFFFFA</register>
        <register name="R5">0xFFFFFFC5</register>
        <register name="R6">0xFFFFB4</register>
        <register name="R7">0x0</register>
        <register name="R8">0x0</register>
        <register name="R9">0x0</register>
        <register name="R10">0x0</register>
        <register name="R11">0x0</register>
        <register name="R12">0x0</register>
        <register name="R13">0xFF000000</register>
        <register name="R14">0x0</register>
        <register name="R15">0x7C</register>
        <cycles>1</cycles>
    </line>
    <line id="31">
        <code>ADD R6, R6, #0xff000000</code>
        <register name="R0">0xFFFFFFB8</register>
        <register name="R1">0xFFFFFFA4</register>
        <register name="R2">0xFFFFFFA4</register>
        <register name="R3">0xFFFFFFC4</register>
        <register name="R4">0xFFFFFFFA</register>
        <register name="R5">0xFFFFFFC5</register>
        <register name="R6">0xFFFFFFB4</register>
        <register name="R7">0x0</register>
        <register name="R8">0x0</register>
        <register name="R9">0x0</register>
        <register name="R10">0x0</register>
        <register name="R11">0x0</register>
        <register name="R12">0x0</register>
        <register name="R13">0xFF000000</register>
        <register name="R14">0x0</register>
        <register name="R15">0x80</register>
        <cycles>1</cycles>
    </line>
    <line id="32">
        <code>MOV R7, #0xbe</code>
        <register name="R0">0xFFFFFFB8</register>
        <register name="R1">0xFFFFFFA4</register>
        <register name="R2">0xFFFFFFA4</register>
        <register name="R3">0xFFFFFFC4</register>
        <register name="R4">0xFFFFFFFA</register>
        <register name="R5">0xFFFFFFC5</register>
        <register name="R6">0xFFFFFFB4</register>
        <register name="R7">0xBE</register>
        <register name="R8">0x0</register>
        <register name="R9">0x0</register>
        <register name="R10">0x0</register>
        <register name="R11">0x0</register>
        <register name="R12">0x0</register>
        <register name="R13">0xFF000000</register>
        <register name="R14">0x0</register>
        <register name="R15">0x84</register>
        <cycles>1</cycles>
    </line>
    <line id="33">
        <code>ADD R7, R7, #0xff00</code>
        <register name="R0">0xFFFFFFB8</register>
        <register name="R1">0xFFFFFFA4</register>
        <register name="R2">0xFFFFFFA4</register>
        <register name="R3">0xFFFFFFC4</register>
        <register name="R4">0xFFFFFFFA</register>
        <register name="R5">0xFFFFFFC5</register>
        <register name="R6">0xFFFFFFB4</register>
        <register name="R7">0xFFBE</register>
        <register name="R8">0x0</register>
        <register name="R9">0x0</register>
        <register name="R10">0x0</register>
        <register name="R11">0x0</register>
        <register name="R12">0x0</register>
        <register name="R13">0xFF000000</register>
        <register name="R14">0x0</register>
        <register name="R15">0x88</register>
        <cycles>1</cycles>
    </line>
    <line id="34">
        <code>ADD R7, R7, #0xff0000</code>
        <register name="R0">0xFFFFFFB8</register>
        <register name="R1">0xFFFFFFA4</register>
        <register name="R2">0xFFFFFFA4</register>
        <register name="R3">0xFFFFFFC4</register>
        <register name="R4">0xFFFFFFFA</register>
        <register name="R5">0xFFFFFFC5</register>
        <register name="R6">0xFFFFFFB4</register>
        <register name="R7">0xFFFFBE</register>
        <register name="R8">0x0</register>
        <register name="R9">0x0</register>
        <register name="R10">0x0</register>
        <register name="R11">0x0</register>
        <register name="R12">0x0</register>
        <register name="R13">0xFF000000</register>
        <register name="R14">0x0</register>
        <register name="R15">0x8C</register>
        <cycles>1</cycles>
    </line>
    <line id="35">
        <code>ADD R7, R7, #0xff000000</code>
        <register name="R0">0xFFFFFFB8</register>
        <register name="R1">0xFFFFFFA4</register>
        <register name="R2">0xFFFFFFA4</register>
        <register name="R3">0xFFFFFFC4</register>
        <register name="R4">0xFFFFFFFA</register>
        <register name="R5">0xFFFFFFC5</register>
        <register name="R6">0xFFFFFFB4</register>
        <register name="R7">0xFFFFFFBE</register>
        <register name="R8">0x0</register>
        <register name="R9">0x0</register>
        <register name="R10">0x0</register>
        <register name="R11">0x0</register>
        <register name="R12">0x0</register>
        <register name="R13">0xFF000000</register>
        <register name="R14">0x0</register>
        <register name="R15">0x90</register>
        <cycles>1</cycles>
    </line>
    <line id="36">
        <code>MOV R8, #0xf8</code>
        <register name="R0">0xFFFFFFB8</register>
        <register name="R1">0xFFFFFFA4</register>
        <register name="R2">0xFFFFFFA4</register>
        <register name="R3">0xFFFFFFC4</register>
        <register name="R4">0xFFFFFFFA</register>
        <register name="R5">0xFFFFFFC5</register>
        <register name="R6">0xFFFFFFB4</register>
        <register name="R7">0xFFFFFFBE</register>
        <register name="R8">0xF8</register>
        <register name="R9">0x0</register>
        <register name="R10">0x0</register>
        <register name="R11">0x0</register>
        <register name="R12">0x0</register>
        <register name="R13">0xFF000000</register>
        <register name="R14">0x0</register>
        <register name="R15">0x94</register>
        <cycles>1</cycles>
    </line>
    <line id="37">
        <code>ADD R8, R8, #0xff00</code>
        <register name="R0">0xFFFFFFB8</register>
        <register name="R1">0xFFFFFFA4</register>
        <register name="R2">0xFFFFFFA4</register>
        <register name="R3">0xFFFFFFC4</register>
        <register name="R4">0xFFFFFFFA</register>
        <register name="R5">0xFFFFFFC5</register>
        <register name="R6">0xFFFFFFB4</register>
        <register name="R7">0xFFFFFFBE</register>
        <register name="R8">0xFFF8</register>
        <register name="R9">0x0</register>
        <register name="R10">0x0</register>
        <register name="R11">0x0</register>
        <register name="R12">0x0</register>
        <register name="R13">0xFF000000</register>
        <register name="R14">0x0</register>
        <register name="R15">0x98</register>
        <cycles>1</cycles>
    </line>
    <line id="38">
        <code>ADD R8, R8, #0xff0000</code>
        <register name="R0">0xFFFFFFB8</register>
        <register name="R1">0xFFFFFFA4</register>
        <register name="R2">0xFFFFFFA4</register>
        <register name="R3">0xFFFFFFC4</register>
        <register name="R4">0xFFFFFFFA</register>
        <register name="R5">0xFFFFFFC5</register>
        <register name="R6">0xFFFFFFB4</register>
        <register name="R7">0xFFFFFFBE</register>
        <register name="R8">0xFFFFF8</register>
        <register name="R9">0x0</register>
        <register name="R10">0x0</register>
        <register name="R11">0x0</register>
        <register name="R12">0x0</register>
        <register name="R13">0xFF000000</register>
        <register name="R14">0x0</register>
        <register name="R15">0x9C</register>
        <cycles>1</cycles>
    </line>
    <line id="39">
        <code>ADD R8, R8, #0xff000000</code>
        <register name="R0">0xFFFFFFB8</register>
        <register name="R1">0xFFFFFFA4</register>
        <register name="R2">0xFFFFFFA4</register>
        <register name="R3">0xFFFFFFC4</register>
        <register name="R4">0xFFFFFFFA</register>
        <register name="R5">0xFFFFFFC5</register>
        <register name="R6">0xFFFFFFB4</register>
        <register name="R7">0xFFFFFFBE</register>
        <register name="R8">0xFFFFFFF8</register>
        <register name="R9">0x0</register>
        <register name="R10">0x0</register>
        <register name="R11">0x0</register>
        <register name="R12">0x0</register>
        <register name="R13">0xFF000000</register>
        <register name="R14">0x0</register>
        <register name="R15">0xA0</register>
        <cycles>1</cycles>
    </line>
    <line id="40">
        <code>MOV R9, #0xc1</code>
        <register name="R0">0xFFFFFFB8</register>
        <register name="R1">0xFFFFFFA4</register>
        <register name="R2">0xFFFFFFA4</register>
        <register name="R3">0xFFFFFFC4</register>
        <register name="R4">0xFFFFFFFA</register>
        <register name="R5">0xFFFFFFC5</register>
        <register name="R6">0xFFFFFFB4</register>
        <register name="R7">0xFFFFFFBE</register>
        <register name="R8">0xFFFFFFF8</register>
        <register name="R9">0xC1</register>
        <register name="R10">0x0</register>
        <register name="R11">0x0</register>
        <register name="R12">0x0</register>
        <register name="R13">0xFF000000</register>
        <register name="R14">0x0</register>
        <register name="R15">0xA4</register>
        <cycles>1</cycles>
    </line>
    <line id="41">
        <code>ADD R9, R9, #0xff00</code>
        <register name="R0">0xFFFFFFB8</register>
        <register name="R1">0xFFFFFFA4</register>
        <register name="R2">0xFFFFFFA4</register>
        <register name="R3">0xFFFFFFC4</register>
        <register name="R4">0xFFFFFFFA</register>
        <register name="R5">0xFFFFFFC5</register>
        <register name="R6">0xFFFFFFB4</register>
        <register name="R7">0xFFFFFFBE</register>
        <register name="R8">0xFFFFFFF8</register>
        <register name="R9">0xFFC1</register>
        <register name="R10">0x0</register>
        <register name="R11">0x0</register>
        <register name="R12">0x0</register>
        <register name="R13">0xFF000000</register>
        <register name="R14">0x0</register>
        <register name="R15">0xA8</register>
        <cycles>1</cycles>
    </line>
    <line id="42">
        <code>ADD R9, R9, #0xff0000</code>
        <register name="R0">0xFFFFFFB8</register>
        <register name="R1">0xFFFFFFA4</register>
        <register name="R2">0xFFFFFFA4</register>
        <register name="R3">0xFFFFFFC4</register>
        <register name="R4">0xFFFFFFFA</register>
        <register name="R5">0xFFFFFFC5</register>
        <register name="R6">0xFFFFFFB4</register>
        <register name="R7">0xFFFFFFBE</register>
        <register name="R8">0xFFFFFFF8</register>
        <register name="R9">0xFFFFC1</register>
        <register name="R10">0x0</register>
        <register name="R11">0x0</register>
        <register name="R12">0x0</register>
        <register name="R13">0xFF000000</register>
        <register name="R14">0x0</register>
        <register name="R15">0xAC</register>
        <cycles>1</cycles>
    </line>
    <line id="43">
        <code>ADD R9, R9, #0xff000000</code>
        <register name="R0">0xFFFFFFB8</register>
        <register name="R1">0xFFFFFFA4</register>
        <register name="R2">0xFFFFFFA4</register>
        <register name="R3">0xFFFFFFC4</register>
        <register name="R4">0xFFFFFFFA</register>
        <register name="R5">0xFFFFFFC5</register>
        <register name="R6">0xFFFFFFB4</register>
        <register name="R7">0xFFFFFFBE</register>
        <register name="R8">0xFFFFFFF8</register>
        <register name="R9">0xFFFFFFC1</register>
        <register name="R10">0x0</register>
        <register name="R11">0x0</register>
        <register name="R12">0x0</register>
        <register name="R13">0xFF000000</register>
        <register name="R14">0x0</register>
        <register name="R15">0xB0</register>
        <cycles>1</cycles>
    </line>
    <line id="44">
        <code>MOV R10, #0xe8</code>
        <register name="R0">0xFFFFFFB8</register>
        <register name="R1">0xFFFFFFA4</register>
        <register name="R2">0xFFFFFFA4</register>
        <register name="R3">0xFFFFFFC4</register>
        <register name="R4">0xFFFFFFFA</register>
        <register name="R5">0xFFFFFFC5</register>
        <register name="R6">0xFFFFFFB4</register>
        <register name="R7">0xFFFFFFBE</register>
        <register name="R8">0xFFFFFFF8</register>
        <register name="R9">0xFFFFFFC1</register>
        <register name="R10">0xE8</register>
        <register name="R11">0x0</register>
        <register name="R12">0x0</register>
        <register name="R13">0xFF000000</register>
        <register name="R14">0x0</register>
        <register name="R15">0xB4</register>
        <cycles>1</cycles>
    </line>
    <line id="45">
        <code>ADD R10, R10, #0xff00</code>
        <register name="R0">0xFFFFFFB8</register>
        <register name="R1">0xFFFFFFA4</register>
        <register name="R2">0xFFFFFFA4</register>
        <register name="R3">0xFFFFFFC4</register>
        <register name="R4">0xFFFFFFFA</register>
        <register name="R5">0xFFFFFFC5</register>
        <register name="R6">0xFFFFFFB4</register>
        <register name="R7">0xFFFFFFBE</register>
        <register name="R8">0xFFFFFFF8</register>
        <register name="R9">0xFFFFFFC1</register>
        <register name="R10">0xFFE8</register>
        <register name="R11">0x0</register>
        <register name="R12">0x0</register>
        <register name="R13">0xFF000000</register>
        <register name="R14">0x0</register>
        <register name="R15">0xB8</register>
        <cycles>1</cycles>
    </line>
    <line id="46">
        <code>ADD R10, R10, #0xff0000</code>
        <register name="R0">0xFFFFFFB8</register>
        <register name="R1">0xFFFFFFA4</register>
        <register name="R2">0xFFFFFFA4</register>
        <register name="R3">0xFFFFFFC4</register>
        <register name="R4">0xFFFFFFFA</register>
        <register name="R5">0xFFFFFFC5</register>
        <register name="R6">0xFFFFFFB4</register>
        <register name="R7">0xFFFFFFBE</register>
        <register name="R8">0xFFFFFFF8</register>
        <register name="R9">0xFFFFFFC1</register>
        <register name="R10">0xFFFFE8</register>
        <register name="R11">0x0</register>
        <register name="R12">0x0</register>
        <register name="R13">0xFF000000</register>
        <register name="R14">0x0</register>
        <register name="R15">0xBC</register>
        <cycles>1</cycles>
    </line>
    <line id="47">
        <code>ADD R10, R10, #0xff000000</code>
        <register name="R0">0xFFFFFFB8</register>
        <register name="R1">0xFFFFFFA4</register>
        <register name="R2">0xFFFFFFA4</register>
        <register name="R3">0xFFFFFFC4</register>
        <register name="R4">0xFFFFFFFA</register>
        <register name="R5">0xFFFFFFC5</register>
        <register name="R6">0xFFFFFFB4</register>
        <register name="R7">0xFFFFFFBE</register>
        <register name="R8">0xFFFFFFF8</register>
        <register name="R9">0xFFFFFFC1</register>
        <register name="R10">0xFFFFFFE8</register>
        <register name="R11">0x0</register>
        <register name="R12">0x0</register>
        <register name="R13">0xFF000000</register>
        <register name="R14">0x0</register>
        <register name="R15">0xC0</register>
        <cycles>1</cycles>
    </line>
    <line id="48">
        <code>MOV R11, #0xeb</code>
        <register name="R0">0xFFFFFFB8</register>
        <register name="R1">0xFFFFFFA4</register>
        <register name="R2">0xFFFFFFA4</register>
        <register name="R3">0xFFFFFFC4</register>
        <register name="R4">0xFFFFFFFA</register>
        <register name="R5">0xFFFFFFC5</register>
        <register name="R6">0xFFFFFFB4</register>
        <register name="R7">0xFFFFFFBE</register>
        <register name="R8">0xFFFFFFF8</register>
        <register name="R9">0xFFFFFFC1</register>
        <register name="R10">0xFFFFFFE8</register>
        <register name="R11">0xEB</register>
        <register name="R12">0x0</register>
        <register name="R13">0xFF000000</register>
        <register name="R14">0x0</register>
        <register name="R15">0xC4</register>
        <cycles>1</cycles>
    </line>
    <line id="49">
        <code>ADD R11, R11, #0xff00</code>
        <register name="R0">0xFFFFFFB8</register>
        <register name="R1">0xFFFFFFA4</register>
        <register name="R2">0xFFFFFFA4</register>
        <register name="R3">0xFFFFFFC4</register>
        <register name="R4">0xFFFFFFFA</register>
        <register name="R5">0xFFFFFFC5</register>
        <register name="R6">0xFFFFFFB4</register>
        <register name="R7">0xFFFFFFBE</register>
        <register name="R8">0xFFFFFFF8</register>
        <register name="R9">0xFFFFFFC1</register>
        <register name="R10">0xFFFFFFE8</register>
        <register name="R11">0xFFEB</register>
        <register name="R12">0x0</register>
        <register name="R13">0xFF000000</register>
        <register name="R14">0x0</register>
        <register name="R15">0xC8</register>
        <cycles>1</cycles>
    </line>
    <line id="50">
        <code>ADD R11, R11, #0xff0000</code>
        <register name="R0">0xFFFFFFB8</register>
        <register name="R1">0xFFFFFFA4</register>
        <register name="R2">0xFFFFFFA4</register>
        <register name="R3">0xFFFFFFC4</register>
        <register name="R4">0xFFFFFFFA</register>
        <register name="R5">0xFFFFFFC5</register>
        <register name="R6">0xFFFFFFB4</register>
        <register name="R7">0xFFFFFFBE</register>
        <register name="R8">0xFFFFFFF8</register>
        <register name="R9">0xFFFFFFC1</register>
        <register name="R10">0xFFFFFFE8</register>
        <register name="R11">0xFFFFEB</register>
        <register name="R12">0x0</register>
        <register name="R13">0xFF000000</register>
        <register name="R14">0x0</register>
        <register name="R15">0xCC</register>
        <cycles>1</cycles>
    </line>
    <line id="51">
        <code>ADD R11, R11, #0xff000000</code>
        <register name="R0">0xFFFFFFB8</register>
        <register name="R1">0xFFFFFFA4</register>
        <register name="R2">0xFFFFFFA4</register>
        <register name="R3">0xFFFFFFC4</register>
        <register name="R4">0xFFFFFFFA</register>
        <register name="R5">0xFFFFFFC5</register>
        <register name="R6">0xFFFFFFB4</register>
        <register name="R7">0xFFFFFFBE</register>
        <register name="R8">0xFFFFFFF8</register>
        <register name="R9">0xFFFFFFC1</register>
        <register name="R10">0xFFFFFFE8</register>
        <register name="R11">0xFFFFFFEB</register>
        <register name="R12">0x0</register>
        <register name="R13">0xFF000000</register>
        <register name="R14">0x0</register>
        <register name="R15">0xD0</register>
        <cycles>1</cycles>
    </line>
    <line id="52">
        <code>MOV R12, #0xf4</code>
        <register name="R0">0xFFFFFFB8</register>
        <register name="R1">0xFFFFFFA4</register>
        <register name="R2">0xFFFFFFA4</register>
        <register name="R3">0xFFFFFFC4</register>
        <register name="R4">0xFFFFFFFA</register>
        <register name="R5">0xFFFFFFC5</register>
        <register name="R6">0xFFFFFFB4</register>
        <register name="R7">0xFFFFFFBE</register>
        <register name="R8">0xFFFFFFF8</register>
        <register name="R9">0xFFFFFFC1</register>
        <register name="R10">0xFFFFFFE8</register>
        <register name="R11">0xFFFFFFEB</register>
        <register name="R12">0xF4</register>
        <register name="R13">0xFF000000</register>
        <register name="R14">0x0</register>
        <register name="R15">0xD4</register>
        <cycles>1</cycles>
    </line>
    <line id="53">
        <code>ADD R12, R12, #0xff00</code>
        <register name="R0">0xFFFFFFB8</register>
        <register name="R1">0xFFFFFFA4</register>
        <register name="R2">0xFFFFFFA4</register>
        <register name="R3">0xFFFFFFC4</register>
        <register name="R4">0xFFFFFFFA</register>
        <register name="R5">0xFFFFFFC5</register>
        <register name="R6">0xFFFFFFB4</register>
        <register name="R7">0xFFFFFFBE</register>
        <register name="R8">0xFFFFFFF8</register>
        <register name="R9">0xFFFFFFC1</register>
        <register name="R10">0xFFFFFFE8</register>
        <register name="R11">0xFFFFFFEB</register>
        <register name="R12">0xFFF4</register>
        <register name="R13">0xFF000000</register>
        <register name="R14">0x0</register>
        <register name="R15">0xD8</register>
        <cycles>1</cycles>
    </line>
    <line id="54">
        <code>ADD R12, R12, #0xff0000</code>
        <register name="R0">0xFFFFFFB8</register>
        <register name="R1">0xFFFFFFA4</register>
        <register name="R2">0xFFFFFFA4</register>
        <register name="R3">0xFFFFFFC4</register>
        <register name="R4">0xFFFFFFFA</register>
        <register name="R5">0xFFFFFFC5</register>
        <register name="R6">0xFFFFFFB4</register>
        <register name="R7">0xFFFFFFBE</register>
        <register name="R8">0xFFFFFFF8</register>
        <register name="R9">0xFFFFFFC1</register>
        <register name="R10">0xFFFFFFE8</register>
        <register name="R11">0xFFFFFFEB</register>
        <register name="R12">0xFFFFF4</register>
        <register name="R13">0xFF000000</register>
        <register name="R14">0x0</register>
        <register name="R15">0xDC</register>
        <cycles>1</cycles>
    </line>
    <line id="55">
        <code>ADD R12, R12, #0xff000000</code>
        <register name="R0">0xFFFFFFB8</register>
        <register name="R1">0xFFFFFFA4</register>
        <register name="R2">0xFFFFFFA4</register>
        <register name="R3">0xFFFFFFC4</register>
        <register name="R4">0xFFFFFFFA</register>
        <register name="R5">0xFFFFFFC5</register>
        <register name="R6">0xFFFFFFB4</register>
        <register name="R7">0xFFFFFFBE</register>
        <register name="R8">0xFFFFFFF8</register>
        <register name="R9">0xFFFFFFC1</register>
        <register name="R10">0xFFFFFFE8</register>
        <register name="R11">0xFFFFFFEB</register>
        <register name="R12">0xFFFFFFF4</register>
        <register name="R13">0xFF000000</register>
        <register name="R14">0x0</register>
        <register name="R15">0xE0</register>
        <cycles>1</cycles>
    </line>
    <line id="56">
        <code>MOV R13, #0xe9</code>
        <register name="R0">0xFFFFFFB8</register>
        <register name="R1">0xFFFFFFA4</register>
        <register name="R2">0xFFFFFFA4</register>
        <register name="R3">0xFFFFFFC4</register>
        <register name="R4">0xFFFFFFFA</register>
        <register name="R5">0xFFFFFFC5</register>
        <register name="R6">0xFFFFFFB4</register>
        <register name="R7">0xFFFFFFBE</register>
        <register name="R8">0xFFFFFFF8</register>
        <register name="R9">0xFFFFFFC1</register>
        <register name="R10">0xFFFFFFE8</register>
        <register name="R11">0xFFFFFFEB</register>
        <register name="R12">0xFFFFFFF4</register>
        <register name="R13">0xE9</register>
        <register name="R14">0x0</register>
        <register name="R15">0xE4</register>
        <cycles>1</cycles>
    </line>
    <line id="57">
        <code>ADD R13, R13, #0xff00</code>
        <register name="R0">0xFFFFFFB8</register>
        <register name="R1">0xFFFFFFA4</register>
        <register name="R2">0xFFFFFFA4</register>
        <register name="R3">0xFFFFFFC4</register>
        <register name="R4">0xFFFFFFFA</register>
        <register name="R5">0xFFFFFFC5</register>
        <register name="R6">0xFFFFFFB4</register>
        <register name="R7">0xFFFFFFBE</register>
        <register name="R8">0xFFFFFFF8</register>
        <register name="R9">0xFFFFFFC1</register>
        <register name="R10">0xFFFFFFE8</register>
        <register name="R11">0xFFFFFFEB</register>
        <register name="R12">0xFFFFFFF4</register>
        <register name="R13">0xFFE9</register>
        <register name="R14">0x0</register>
        <register name="R15">0xE8</register>
        <cycles>1</cycles>
    </line>
    <line id="58">
        <code>ADD R13, R13, #0xff0000</code>
        <register name="R0">0xFFFFFFB8</register>
        <register name="R1">0xFFFFFFA4</register>
        <register name="R2">0xFFFFFFA4</register>
        <register name="R3">0xFFFFFFC4</register>
        <register name="R4">0xFFFFFFFA</register>
        <register name="R5">0xFFFFFFC5</register>
        <register name="R6">0xFFFFFFB4</register>
        <register name="R7">0xFFFFFFBE</register>
        <register name="R8">0xFFFFFFF8</register>
        <register name="R9">0xFFFFFFC1</register>
        <register name="R10">0xFFFFFFE8</register>
        <register name="R11">0xFFFFFFEB</register>
        <register name="R12">0xFFFFFFF4</register>
        <register name="R13">0xFFFFE9</register>
        <register name="R14">0x0</register>
        <register name="R15">0xEC</register>
        <cycles>1</cycles>
    </line>
    <line id="59">
        <code>ADD R13, R13, #0xff000000</code>
        <register name="R0">0xFFFFFFB8</register>
        <register name="R1">0xFFFFFFA4</register>
        <register name="R2">0xFFFFFFA4</register>
        <register name="R3">0xFFFFFFC4</register>
        <register name="R4">0xFFFFFFFA</register>
        <register name="R5">0xFFFFFFC5</register>
        <register name="R6">0xFFFFFFB4</register>
        <register name="R7">0xFFFFFFBE</register>
        <register name="R8">0xFFFFFFF8</register>
        <register name="R9">0xFFFFFFC1</register>
        <register name="R10">0xFFFFFFE8</register>
        <register name="R11">0xFFFFFFEB</register>
        <register name="R12">0xFFFFFFF4</register>
        <register name="R13">0xFFFFFFE9</register>
        <register name="R14">0x0</register>
        <register name="R15">0xF0</register>
        <cycles>1</cycles>
    </line>
    <line id="60">
        <code>MOV R14, #0x9d</code>
        <register name="R0">0xFFFFFFB8</register>
        <register name="R1">0xFFFFFFA4</register>
        <register name="R2">0xFFFFFFA4</register>
        <register name="R3">0xFFFFFFC4</register>
        <register name="R4">0xFFFFFFFA</register>
        <register name="R5">0xFFFFFFC5</register>
        <register name="R6">0xFFFFFFB4</register>
        <register name="R7">0xFFFFFFBE</register>
        <register name="R8">0xFFFFFFF8</register>
        <register name="R9">0xFFFFFFC1</register>
        <register name="R10">0xFFFFFFE8</register>
        <register name="R11">0xFFFFFFEB</register>
        <register name="R12">0xFFFFFFF4</register>
        <register name="R13">0xFFFFFFE9</register>
        <register name="R14">0x9D</register>
        <register name="R15">0xF4</register>
        <cycles>1</cycles>
    </line>
    <line id="61">
        <code>ADD R14, R14, #0xff00</code>
        <register name="R0">0xFFFFFFB8</register>
        <register name="R1">0xFFFFFFA4</register>
        <register name="R2">0xFFFFFFA4</register>
        <register name="R3">0xFFFFFFC4</register>
        <register name="R4">0xFFFFFFFA</register>
        <register name="R5">0xFFFFFFC5</register>
        <register name="R6">0xFFFFFFB4</register>
        <register name="R7">0xFFFFFFBE</register>
        <register name="R8">0xFFFFFFF8</register>
        <register name="R9">0xFFFFFFC1</register>
        <register name="R10">0xFFFFFFE8</register>
        <register name="R11">0xFFFFFFEB</register>
        <register name="R12">0xFFFFFFF4</register>
        <register name="R13">0xFFFFFFE9</register>
        <register name="R14">0xFF9D</register>
        <register name="R15">0xF8</register>
        <cycles>1</cycles>
    </line>
    <line id="62">
        <code>ADD R14, R14, #0xff0000</code>
        <register name="R0">0xFFFFFFB8</register>
        <register name="R1">0xFFFFFFA4</register>
        <register name="R2">0xFFFFFFA4</register>
        <register name="R3">0xFFFFFFC4</register>
        <register name="R4">0xFFFFFFFA</register>
        <register name="R5">0xFFFFFFC5</register>
        <register name="R6">0xFFFFFFB4</register>
        <register name="R7">0xFFFFFFBE</register>
        <register name="R8">0xFFFFFFF8</register>
        <register name="R9">0xFFFFFFC1</register>
        <register name="R10">0xFFFFFFE8</register>
        <register name="R11">0xFFFFFFEB</register>
        <register name="R12">0xFFFFFFF4</register>
        <register name="R13">0xFFFFFFE9</register>
        <register name="R14">0xFFFF9D</register>
        <register name="R15">0xFC</register>
        <cycles>1</cycles>
    </line>
    <line id="63">
        <code>ADD R14, R14, #0xff000000</code>
        <register name="R0">0xFFFFFFB8</register>
        <register name="R1">0xFFFFFFA4</register>
        <register name="R2">0xFFFFFFA4</register>
        <register name="R3">0xFFFFFFC4</register>
        <register name="R4">0xFFFFFFFA</register>
        <register name="R5">0xFFFFFFC5</register>
        <register name="R6">0xFFFFFFB4</register>
        <register name="R7">0xFFFFFFBE</register>
        <register name="R8">0xFFFFFFF8</register>
        <register name="R9">0xFFFFFFC1</register>
        <register name="R10">0xFFFFFFE8</register>
        <register name="R11">0xFFFFFFEB</register>
        <register name="R12">0xFFFFFFF4</register>
        <register name="R13">0xFFFFFFE9</register>
        <register name="R14">0xFFFFFF9D</register>
        <register name="R15">0x100</register>
        <cycles>1</cycles>
    </line>
    <line id="66">
        <code>RORS R0,R2,R1</code>
        <register name="R0">0x4FFFFFFA</register>
        <register name="R1">0xFFFFFFA4</register>
        <register name="R2">0xFFFFFFA4</register>
        <register name="R3">0xFFFFFFC4</register>
        <register name="R4">0xFFFFFFFA</register>
        <register name="R5">0xFFFFFFC5</register>
        <register name="R6">0xFFFFFFB4</register>
        <register name="R7">0xFFFFFFBE</register>
        <register name="R8">0xFFFFFFF8</register>
        <register name="R9">0xFFFFFFC1</register>
        <register name="R10">0xFFFFFFE8</register>
        <register name="R11">0xFFFFFFEB</register>
        <register name="R12">0xFFFFFFF4</register>
        <register name="R13">0xFFFFFFE9</register>
        <register name="R14">0xFFFFFF9D</register>
        <register name="R15">0x104</register>
        <cycles>1</cycles>
    </line>
    <line id="67">
        <code>MOV R13, #0x1000</code>
        <register name="R0">0x4FFFFFFA</register>
        <register name="R1">0xFFFFFFA4</register>
        <register name="R2">0xFFFFFFA4</register>
        <register name="R3">0xFFFFFFC4</register>
        <register name="R4">0xFFFFFFFA</register>
        <register name="R5">0xFFFFFFC5</register>
        <register name="R6">0xFFFFFFB4</register>
        <register name="R7">0xFFFFFFBE</register>
        <register name="R8">0xFFFFFFF8</register>
        <register name="R9">0xFFFFFFC1</register>
        <register name="R10">0xFFFFFFE8</register>
        <register name="R11">0xFFFFFFEB</register>
        <register name="R12">0xFFFFFFF4</register>
        <register name="R13">0x1000</register>
        <register name="R14">0xFFFFFF9D</register>
        <register name="R15">0x108</register>
        <cycles>1</cycles>
    </line>
    <line id="68">
        <code>LDMIA R13, {R0-R12}</code>
        <register name="R0">0x0</register>
        <register name="R1">0x0</register>
        <register name="R2">0x0</register>
        <register name="R3">0x0</register>
        <register name="R4">0x0</register>
        <register name="R5">0x0</register>
        <register name="R6">0x0</register>
        <register name="R7">0x0</register>
        <register name="R8">0x0</register>
        <register name="R9">0x0</register>
        <register name="R10">0x0</register>
        <register name="R11">0x0</register>
        <register name="R12">0x0</register>
        <register name="R13">0x1000</register>
        <register name="R14">0xFFFFFF9D</register>
        <register name="R15">0x10C</register>
        <cycles>15</cycles>
    </line>
    <line id="69">
        <code>MOV R0, #0</code>
        <register name="R0">0x0</register>
        <register name="R1">0x0</register>
        <register name="R2">0x0</register>
        <register name="R3">0x0</register>
        <register name="R4">0x0</register>
        <register name="R5">0x0</register>
        <register name="R6">0x0</register>
        <register name="R7">0x0</register>
        <register name="R8">0x0</register>
        <register name="R9">0x0</register>
        <register name="R10">0x0</register>
        <register name="R11">0x0</register>
        <register name="R12">0x0</register>
        <register name="R13">0x1000</register>
        <register name="R14">0xFFFFFF9D</register>
        <register name="R15">0x110</register>
        <cycles>1</cycles>
    </line>
    <line id="70">
        <code>ADDMI R0, R0, #8</code>
        <register name="R0">0x0</register>
        <register name="R1">0x0</register>
        <register name="R2">0x0</register>
        <register name="R3">0x0</register>
        <register name="R4">0x0</register>
        <register name="R5">0x0</register>
        <register name="R6">0x0</register>
        <register name="R7">0x0</register>
        <register name="R8">0x0</register>
        <register name="R9">0x0</register>
        <register name="R10">0x0</register>
        <register name="R11">0x0</register>
        <register name="R12">0x0</register>
        <register name="R13">0x1000</register>
        <register name="R14">0xFFFFFF9D</register>
        <register name="R15">0x114</register>
        <cycles>1</cycles>
    </line>
    <line id="71">
        <code>ADDEQ R0, R0, #4</code>
        <register name="R0">0x0</register>
        <register name="R1">0x0</register>
        <register name="R2">0x0</register>
        <register name="R3">0x0</register>
        <register name="R4">0x0</register>
        <register name="R5">0x0</register>
        <register name="R6">0x0</register>
        <register name="R7">0x0</register>
        <register name="R8">0x0</register>
        <register name="R9">0x0</register>
        <register name="R10">0x0</register>
        <register name="R11">0x0</register>
        <register name="R12">0x0</register>
        <register name="R13">0x1000</register>
        <register name="R14">0xFFFFFF9D</register>
        <register name="R15">0x118</register>
        <cycles>1</cycles>
    </line>
    <line id="72">
        <code>ADDCS R0, R0, #2</code>
        <register name="R0">0x0</register>
        <register name="R1">0x0</register>
        <register name="R2">0x0</register>
        <register name="R3">0x0</register>
        <register name="R4">0x0</register>
        <register name="R5">0x0</register>
        <register name="R6">0x0</register>
        <register name="R7">0x0</register>
        <register name="R8">0x0</register>
        <register name="R9">0x0</register>
        <register name="R10">0x0</register>
        <register name="R11">0x0</register>
        <register name="R12">0x0</register>
        <register name="R13">0x1000</register>
        <register name="R14">0xFFFFFF9D</register>
        <register name="R15">0x11C</register>
        <cycles>1</cycles>
    </line>
    <line id="73">
        <code>ADDVS R0, R0, #1</code>
        <register name="R0">0x0</register>
        <register name="R1">0x0</register>
        <register name="R2">0x0</register>
        <register name="R3">0x0</register>
        <register name="R4">0x0</register>
        <register name="R5">0x0</register>
        <register name="R6">0x0</register>
        <register name="R7">0x0</register>
        <register name="R8">0x0</register>
        <register name="R9">0x0</register>
        <register name="R10">0x0</register>
        <register name="R11">0x0</register>
        <register name="R12">0x0</register>
        <register name="R13">0x1000</register>
        <register name="R14">0xFFFFFF9D</register>
        <register name="R15">0x120</register>
        <cycles>1</cycles>
    </line>
</VisUAL>
